# JRE version: OpenJDK Runtime Environment (8.0) (build 1.8.0-adoptopenjdk-_2018_05_19_00_59-b00)
# Java VM: OpenJDK 64-Bit Server VM (25.71-b00 mixed mode windows-amd64 compressed oops)
Heap:
 PSYoungGen      total 37888K, used 635K [0x00000000d6400000, 0x00000000d8e00000, 0x0000000100000000)
  eden space 32768K, 1% used [0x00000000d6400000,0x00000000d649ef40,0x00000000d8400000)
  from space 5120K, 0% used [0x00000000d8900000,0x00000000d8900000,0x00000000d8e00000)
  to   space 5120K, 0% used [0x00000000d8400000,0x00000000d8400000,0x00000000d8900000)
 ParOldGen       total 35328K, used 2243K [0x0000000082c00000, 0x0000000084e80000, 0x00000000d6400000)
  object space 35328K, 6% used [0x0000000082c00000,0x0000000082e30e28,0x0000000084e80000)
 Metaspace       used 10506K, capacity 10764K, committed 11008K, reserved 1060864K
  class space    used 1395K, capacity 1480K, committed 1536K, reserved 1048576K
GC Heap History (5 events):
Event: 4.397 GC heap before
{Heap before GC invocations=1 (full 0):
 PSYoungGen      total 37888K, used 32768K [0x00000000d6400000, 0x00000000d8e00000, 0x0000000100000000)
  eden space 32768K, 100% used [0x00000000d6400000,0x00000000d8400000,0x00000000d8400000)
  from space 5120K, 0% used [0x00000000d8900000,0x00000000d8900000,0x00000000d8e00000)
  to   space 5120K, 0% used [0x00000000d8400000,0x00000000d8400000,0x00000000d8900000)
 ParOldGen       total 86016K, used 0K [0x0000000082c00000, 0x0000000088000000, 0x00000000d6400000)
  object space 86016K, 0% used [0x0000000082c00000,0x0000000082c00000,0x0000000088000000)
 Metaspace       used 9544K, capacity 9766K, committed 9856K, reserved 1058816K
  class space    used 1286K, capacity 1381K, committed 1408K, reserved 1048576K
Event: 4.404 GC heap after
Heap after GC invocations=1 (full 0):
 PSYoungGen      total 37888K, used 5118K [0x00000000d6400000, 0x00000000d8e00000, 0x0000000100000000)
  eden space 32768K, 0% used [0x00000000d6400000,0x00000000d6400000,0x00000000d8400000)
  from space 5120K, 99% used [0x00000000d8400000,0x00000000d88ffad0,0x00000000d8900000)
  to   space 5120K, 0% used [0x00000000d8900000,0x00000000d8900000,0x00000000d8e00000)
 ParOldGen       total 86016K, used 135K [0x0000000082c00000, 0x0000000088000000, 0x00000000d6400000)
  object space 86016K, 0% used [0x0000000082c00000,0x0000000082c21d28,0x0000000088000000)
 Metaspace       used 9544K, capacity 9766K, committed 9856K, reserved 1058816K
  class space    used 1286K, capacity 1381K, committed 1408K, reserved 1048576K
}
Event: 5.083 GC heap before
{Heap before GC invocations=2 (full 0):
 PSYoungGen      total 37888K, used 7058K [0x00000000d6400000, 0x00000000d8e00000, 0x0000000100000000)
  eden space 32768K, 5% used [0x00000000d6400000,0x00000000d65e4f60,0x00000000d8400000)
  from space 5120K, 99% used [0x00000000d8400000,0x00000000d88ffad0,0x00000000d8900000)
  to   space 5120K, 0% used [0x00000000d8900000,0x00000000d8900000,0x00000000d8e00000)
 ParOldGen       total 86016K, used 135K [0x0000000082c00000, 0x0000000088000000, 0x00000000d6400000)
  object space 86016K, 0% used [0x0000000082c00000,0x0000000082c21d28,0x0000000088000000)
 Metaspace       used 10439K, capacity 10634K, committed 10752K, reserved 1062912K
  class space    used 1386K, capacity 1469K, committed 1536K, reserved 1048576K
Event: 5.086 GC heap after
Heap after GC invocations=2 (full 0):
 PSYoungGen      total 37888K, used 2368K [0x00000000d6400000, 0x00000000d8e00000, 0x0000000100000000)
  eden space 32768K, 0% used [0x00000000d6400000,0x00000000d6400000,0x00000000d8400000)
  from space 5120K, 46% used [0x00000000d8900000,0x00000000d8b50060,0x00000000d8e00000)
  to   space 5120K, 0% used [0x00000000d8400000,0x00000000d8400000,0x00000000d8900000)
 ParOldGen       total 86016K, used 143K [0x0000000082c00000, 0x0000000088000000, 0x00000000d6400000)
  object space 86016K, 0% used [0x0000000082c00000,0x0000000082c23d28,0x0000000088000000)
 Metaspace       used 10439K, capacity 10634K, committed 10752K, reserved 1062912K
  class space    used 1386K, capacity 1469K, committed 1536K, reserved 1048576K
}
Event: 5.087 GC heap before
{Heap before GC invocations=3 (full 1):
 PSYoungGen      total 37888K, used 2368K [0x00000000d6400000, 0x00000000d8e00000, 0x0000000100000000)
  eden space 32768K, 0% used [0x00000000d6400000,0x00000000d6400000,0x00000000d8400000)
  from space 5120K, 46% used [0x00000000d8900000,0x00000000d8b50060,0x00000000d8e00000)
  to   space 5120K, 0% used [0x00000000d8400000,0x00000000d8400000,0x00000000d8900000)
 ParOldGen       total 86016K, used 143K [0x0000000082c00000, 0x0000000088000000, 0x00000000d6400000)
  object space 86016K, 0% used [0x0000000082c00000,0x0000000082c23d28,0x0000000088000000)
 Metaspace       used 10439K, capacity 10634K, committed 10752K, reserved 1062912K
  class space    used 1386K, capacity 1469K, committed 1536K, reserved 1048576K

